<?xml version="1.0" encoding="UTF-8"?>
<!-- Generated by org.testng.reporters.JUnitReportReporter -->
<testsuite hostname="LAPTOP-ILEVVRC8" failures="0" tests="1" name="AutoVehicleTest.VehicleAffordablilityTest" time="168.721" errors="0" timestamp="2025-08-18T15:10:39 IST" skipped="0">
  <testcase classname="AutoVehicleTest.VehicleAffordablilityTest" name="vehicleAffTest" time="168.721"/>
</testsuite> <!-- AutoVehicleTest.VehicleAffordablilityTest -->
