<?xml version="1.0" encoding="UTF-8"?>
<!-- Generated by org.testng.reporters.JUnitReportReporter -->
<testsuite hostname="LAPTOP-ILEVVRC8" failures="0" tests="1" name="AutoVehicleTest.MessageSentTest" time="48.654" errors="0" timestamp="2025-08-22T16:27:48 IST" skipped="0">
  <testcase classname="AutoVehicleTest.MessageSentTest" name="messagesentest" time="48.654"/>
</testsuite> <!-- AutoVehicleTest.MessageSentTest -->
