<?xml version="1.0" encoding="UTF-8"?>
<!-- Generated by org.testng.reporters.JUnitReportReporter -->
<testsuite hostname="LAPTOP-ILEVVRC8" failures="0" tests="1" name="AutoVehicleTest.MessageSentTest" time="104.041" errors="0" timestamp="2025-08-25T13:04:36 IST" skipped="0">
  <testcase classname="AutoVehicleTest.MessageSentTest" name="messagesentest" time="104.041"/>
</testsuite> <!-- AutoVehicleTest.MessageSentTest -->
