<?xml version="1.0" encoding="UTF-8"?>
<!-- Generated by org.testng.reporters.JUnitReportReporter -->
<testsuite hostname="LAPTOP-ILEVVRC8" failures="0" tests="1" name="AutoNation.CarTest" time="69.502" errors="0" timestamp="2025-08-25T15:50:27 IST" skipped="0">
  <testcase classname="AutoNation.CarTest" name="carTest" time="69.502"/>
</testsuite> <!-- AutoNation.CarTest -->
