<?xml version="1.0" encoding="UTF-8"?>
<!-- Generated by org.testng.reporters.JUnitReportReporter -->
<testsuite hostname="LAPTOP-ILEVVRC8" failures="0" tests="1" name="AutoVehicleTest.AutoVehicleTest" time="140.795" errors="0" timestamp="2025-08-25T13:04:36 IST" skipped="0">
  <testcase classname="AutoVehicleTest.AutoVehicleTest" name="autoEstimateTest" time="140.795"/>
</testsuite> <!-- AutoVehicleTest.AutoVehicleTest -->
