<?xml version="1.0" encoding="UTF-8"?>
<!-- Generated by org.testng.reporters.JUnitReportReporter -->
<testsuite hostname="LAPTOP-ILEVVRC8" failures="0" tests="1" name="AutoNation.TrailerTest" time="68.379" errors="0" timestamp="2025-08-22T17:17:06 IST" skipped="0">
  <testcase classname="AutoNation.TrailerTest" name="trailersTest" time="68.379"/>
</testsuite> <!-- AutoNation.TrailerTest -->
