<?xml version="1.0" encoding="UTF-8"?>
<!-- Generated by org.testng.reporters.JUnitReportReporter -->
<testsuite hostname="LAPTOP-ILEVVRC8" failures="0" tests="1" name="AutoNation.TrailerTest" time="74.292" errors="0" timestamp="2025-08-25T13:04:36 IST" skipped="0">
  <testcase classname="AutoNation.TrailerTest" name="trailersTest" time="74.292"/>
</testsuite> <!-- AutoNation.TrailerTest -->
