<?xml version="1.0" encoding="UTF-8"?>
<!-- Generated by org.testng.reporters.JUnitReportReporter -->
<testsuite hostname="LAPTOP-ILEVVRC8" failures="0" tests="1" name="AutoVehicleTest.FourWheelDriveTest" time="100.673" errors="0" timestamp="2025-08-19T13:05:58 IST" skipped="0">
  <testcase classname="AutoVehicleTest.FourWheelDriveTest" name="fourWheel" time="100.673"/>
</testsuite> <!-- AutoVehicleTest.FourWheelDriveTest -->
