<?xml version="1.0" encoding="UTF-8"?>
<!-- Generated by org.testng.reporters.JUnitReportReporter -->
<testsuite hostname="LAPTOP-ILEVVRC8" failures="0" tests="1" name="AutoVehicleTest.FourWheelDriveTest" time="138.408" errors="0" timestamp="2025-08-25T13:04:36 IST" skipped="0">
  <testcase classname="AutoVehicleTest.FourWheelDriveTest" name="fourWheel" time="138.408"/>
</testsuite> <!-- AutoVehicleTest.FourWheelDriveTest -->
