<?xml version="1.0" encoding="UTF-8"?>
<!-- Generated by org.testng.reporters.JUnitReportReporter -->
<testsuite hostname="LAPTOP-ILEVVRC8" failures="0" tests="1" name="AutoVehicleTest.AutoVehicleTest" time="154.297" errors="0" timestamp="2025-08-22T10:16:30 IST" skipped="0">
  <testcase classname="AutoVehicleTest.AutoVehicleTest" name="autoEstimateTest" time="154.297"/>
</testsuite> <!-- AutoVehicleTest.AutoVehicleTest -->
