<?xml version="1.0" encoding="UTF-8"?>
<!-- Generated by org.testng.reporters.JUnitReportReporter -->
<testsuite hostname="LAPTOP-ILEVVRC8" failures="0" tests="1" name="AutoNation.BasicTest" time="29.220" errors="0" timestamp="2025-08-25T15:50:27 IST" skipped="0">
  <testcase classname="AutoNation.BasicTest" name="vehicleTest" time="29.220"/>
</testsuite> <!-- AutoNation.BasicTest -->
