<?xml version="1.0" encoding="UTF-8"?>
<!-- Generated by org.testng.reporters.JUnitReportReporter -->
<testsuite hostname="LAPTOP-ILEVVRC8" failures="0" tests="1" name="AutoVehicleTest.Calculation" time="60.225" errors="0" timestamp="2025-08-19T18:10:09 IST" skipped="0">
  <testcase classname="AutoVehicleTest.Calculation" name="calculation" time="60.225"/>
</testsuite> <!-- AutoVehicleTest.Calculation -->
